<?xml version="1.0" encoding="UTF-8"?>
<testsuite xmlns:xsi="http://www.w3.org/2001/XMLSchema-instance" xsi:noNamespaceSchemaLocation="https://maven.apache.org/surefire/maven-surefire-plugin/xsd/surefire-test-report.xsd" name="trtLab.AppTest" time="0.106" tests="1" errors="0" skipped="0" failures="0">
  <properties>
    <property name="java.specification.version" value="17"/>
    <property name="sun.jnu.encoding" value="UTF-8"/>
    <property name="java.class.path" value="/home/igor/repos/lab-crawler/crawler-src/target/test-classes:/home/igor/repos/lab-crawler/crawler-src/target/classes:/home/igor/.m2/repository/junit/junit/4.11/junit-4.11.jar:/home/igor/.m2/repository/org/hamcrest/hamcrest-core/1.3/hamcrest-core-1.3.jar:/home/igor/.m2/repository/org/jsoup/jsoup/1.16.1/jsoup-1.16.1.jar:/home/igor/.m2/repository/com/opencsv/opencsv/5.7.1/opencsv-5.7.1.jar:/home/igor/.m2/repository/org/apache/commons/commons-lang3/3.12.0/commons-lang3-3.12.0.jar:/home/igor/.m2/repository/org/apache/commons/commons-text/1.10.0/commons-text-1.10.0.jar:/home/igor/.m2/repository/commons-beanutils/commons-beanutils/1.9.4/commons-beanutils-1.9.4.jar:/home/igor/.m2/repository/commons-logging/commons-logging/1.2/commons-logging-1.2.jar:/home/igor/.m2/repository/commons-collections/commons-collections/3.2.2/commons-collections-3.2.2.jar:/home/igor/.m2/repository/org/apache/commons/commons-collections4/4.4/commons-collections4-4.4.jar:"/>
    <property name="java.vm.vendor" value="Red Hat, Inc."/>
    <property name="sun.arch.data.model" value="64"/>
    <property name="java.vendor.url" value="https://www.redhat.com/"/>
    <property name="os.name" value="Linux"/>
    <property name="java.vm.specification.version" value="17"/>
    <property name="sun.java.launcher" value="SUN_STANDARD"/>
    <property name="user.country" value="BR"/>
    <property name="sun.boot.library.path" value="/usr/lib/jvm/java-17-openjdk-17.0.7.0.7-5.fc38.x86_64/lib"/>
    <property name="sun.java.command" value="/home/igor/repos/lab-crawler/crawler-src/target/surefire/surefirebooter9322204892242468957.jar /home/igor/repos/lab-crawler/crawler-src/target/surefire 2023-06-25T23-49-54_149-jvmRun1 surefire18091401033910379851tmp surefire_04917144405842659136tmp"/>
    <property name="jdk.debug" value="release"/>
    <property name="surefire.test.class.path" value="/home/igor/repos/lab-crawler/crawler-src/target/test-classes:/home/igor/repos/lab-crawler/crawler-src/target/classes:/home/igor/.m2/repository/junit/junit/4.11/junit-4.11.jar:/home/igor/.m2/repository/org/hamcrest/hamcrest-core/1.3/hamcrest-core-1.3.jar:/home/igor/.m2/repository/org/jsoup/jsoup/1.16.1/jsoup-1.16.1.jar:/home/igor/.m2/repository/com/opencsv/opencsv/5.7.1/opencsv-5.7.1.jar:/home/igor/.m2/repository/org/apache/commons/commons-lang3/3.12.0/commons-lang3-3.12.0.jar:/home/igor/.m2/repository/org/apache/commons/commons-text/1.10.0/commons-text-1.10.0.jar:/home/igor/.m2/repository/commons-beanutils/commons-beanutils/1.9.4/commons-beanutils-1.9.4.jar:/home/igor/.m2/repository/commons-logging/commons-logging/1.2/commons-logging-1.2.jar:/home/igor/.m2/repository/commons-collections/commons-collections/3.2.2/commons-collections-3.2.2.jar:/home/igor/.m2/repository/org/apache/commons/commons-collections4/4.4/commons-collections4-4.4.jar:"/>
    <property name="sun.cpu.endian" value="little"/>
    <property name="user.home" value="/home/igor"/>
    <property name="user.language" value="pt"/>
    <property name="java.specification.vendor" value="Oracle Corporation"/>
    <property name="java.version.date" value="2023-04-18"/>
    <property name="java.home" value="/usr/lib/jvm/java-17-openjdk-17.0.7.0.7-5.fc38.x86_64"/>
    <property name="file.separator" value="/"/>
    <property name="basedir" value="/home/igor/repos/lab-crawler/crawler-src"/>
    <property name="java.vm.compressedOopsMode" value="32-bit"/>
    <property name="line.separator" value="&#10;"/>
    <property name="java.vm.specification.vendor" value="Oracle Corporation"/>
    <property name="java.specification.name" value="Java Platform API Specification"/>
    <property name="surefire.real.class.path" value="/home/igor/repos/lab-crawler/crawler-src/target/surefire/surefirebooter9322204892242468957.jar"/>
    <property name="sun.management.compiler" value="HotSpot 64-Bit Tiered Compilers"/>
    <property name="java.runtime.version" value="17.0.7+7"/>
    <property name="user.name" value="igor"/>
    <property name="path.separator" value=":"/>
    <property name="os.version" value="6.3.8-200.fc38.x86_64"/>
    <property name="java.runtime.name" value="OpenJDK Runtime Environment"/>
    <property name="file.encoding" value="UTF-8"/>
    <property name="java.vm.name" value="OpenJDK 64-Bit Server VM"/>
    <property name="java.vendor.version" value="(Red_Hat-17.0.7.0.7-4.fc38)"/>
    <property name="localRepository" value="/home/igor/.m2/repository"/>
    <property name="java.vendor.url.bug" value="https://bugzilla.redhat.com/enter_bug.cgi?product=Fedora&amp;component=java-17-openjdk-portable&amp;version=38"/>
    <property name="java.io.tmpdir" value="/tmp"/>
    <property name="java.version" value="17.0.7"/>
    <property name="user.dir" value="/home/igor/repos/lab-crawler/crawler-src"/>
    <property name="os.arch" value="amd64"/>
    <property name="java.vm.specification.name" value="Java Virtual Machine Specification"/>
    <property name="native.encoding" value="UTF-8"/>
    <property name="java.library.path" value="/usr/java/packages/lib:/usr/lib64:/lib64:/lib:/usr/lib"/>
    <property name="java.vm.info" value="mixed mode, sharing"/>
    <property name="java.vendor" value="Red Hat, Inc."/>
    <property name="java.vm.version" value="17.0.7+7"/>
    <property name="sun.io.unicode.encoding" value="UnicodeLittle"/>
    <property name="java.class.version" value="61.0"/>
  </properties>
  <testcase name="shouldAnswerWithTrue" classname="trtLab.AppTest" time="0.004"/>
</testsuite>